This is pdfTeX, Version 3.14159265-2.6-1.40.15 (MiKTeX 2.9 64-bit) (preloaded format=pdflatex 2015.9.21)  26 APR 2018 14:24
entering extended mode
**Thesis.tex
(Thesis.tex
LaTeX2e <2014/05/01>
Babel <3.9l> and hyphenation patterns for 68 languages loaded.
("C:\Program Files\MiKTeX 2.9\tex\latex\revtex\revtex4-1.cls"
Document Class: revtex4-1 2010/07/25/20:33:00 4.1r (http://publish.aps.org/revt
ex4/ for documentation)
 Copyright (c) 2009 The American Physical Society.
 mailto:revtex@aps.org
 Licensed under the LPPL:
http://www.ctan.org/tex-archive/macros/latex/base/lppl.txt
 Arthur Ogawa <arthur_ogawa at sbcglobal dot net>
 Based on work by David Carlisle <david at dcarlisle.demon.co.uk>.
ltxutil[2010/07/25/20:33:00 4.1r utilities package (portions licensed from W. E
. Baxter web at superscript.com)]
LaTeX Info: Redefining \@centercr on input line 308.
Class revtex4-1 Info: Repairing broken LaTeX eqnarray on input line 358.
\eqncolsep=\skip41
Class revtex4-1 Info: Repairing hyperref-unfriendly LaTeX definition of \mpfoot
note on input line 433.
Class revtex4-1 Info: Repairing broken LateX \@sect on input line 755.
\intertabularlinepenalty=\count79
\@tbpen=\count80
\@arstrutbox@hline=\box26
Class revtex4-1 Info: Repairing broken LaTeX \@xbitor on input line 1786.
Class revtex4-1 Info: Making \typeout \long on input line 2046.
ltxfront[2010/07/25/20:33:00 4.1r frontmatter package (AO,DPC)]
\c@affil=\count81
\c@collab=\count82
\absbox=\box27
ltxgrid[2010/07/25/20:33:00 4.1r page grid package (portions licensed from W. E
. Baxter web at superscript.com)]
\c@linecount=\count83
\output@latex=\toks14
\box@size@1=\box28
\box@size@2=\box29
\@protection@box=\box30
\@topmark@saved=\toks15
\footins@saved=\box31
\footins@recovered=\box32
\column@recovered=\box33
\pagesofar=\box34
\footsofar=\box35
\pagegrid@col=\count84
Class revtex4-1 Info: Overriding \@vspace, \@vspacer, \@no@pgbk, \@newline, and
 \\  on input line 5578.
\c@part=\count85
\c@section=\count86
\c@subsection=\count87
\c@subsubsection=\count88
\c@paragraph=\count89
\c@subparagraph=\count90
\abovecaptionskip=\skip42
\belowcaptionskip=\skip43
\c@figure=\count91
\fbox@1=\box36
\c@table=\count92
\fbox@2=\box37
\c@video=\count93
\fbox@4=\box38
\@bibdataout=\write3
\widetext@top=\box39
\widetext@bot=\box40
Class revtex4-1 Info: Selecting society aps on input line 7542.
("C:\Program Files\MiKTeX 2.9\tex\latex\revtex\aps4-1.rtx"
File: aps4-1 2010/07/25/20:33:00 4.1r (http://publish.aps.org/revtex4/ for docu
mentation)
Class revtex4-1 Info: RevTeX society APS selected on input line 31.
)
Class revtex4-1 Info: Selecting journal prb on input line 7544.
Class revtex4-1 Info: APS journal PRB selected on input line 7545.

("C:\Program Files\MiKTeX 2.9\tex\latex\revtex\aps12pt4-1.rtx"
File: aps12pt4-1 2010/07/25/20:33:00 4.1r (http://publish.aps.org/revtex4/ for 
documentation)
Class revtex4-1 Info: RevTeX pointsize 12pt selected on input line 30.
)
("C:\Program Files\MiKTeX 2.9\tex\latex\textcase\textcase.sty"
Package: textcase 2004/10/07 v0.07 Text only upper/lower case changing (DPC)
)
("C:\Program Files\MiKTeX 2.9\tex\latex\url\url.sty"
\Urlmuskip=\muskip10
Package: url 2013/09/16  ver 3.4  Verb mode for urls, etc.
)
("C:\Program Files\MiKTeX 2.9\tex\latex\natbib\natbib.sty"
Package: natbib 2010/09/13 8.31b (PWD, AO)
\bibhang=\skip44
\bibsep=\skip45
LaTeX Info: Redefining \cite on input line 694.
\c@NAT@ctr=\count94
)
Class revtex4-1 Info: Repairing natbib's \BibitemShut on input line 7549.

("C:\Program Files\MiKTeX 2.9\tex\latex\revtex\revsymb4-1.sty"
Package: revsymb4-1 2010/07/25/20:33:00 4.1r (http://publish.aps.org/revtex4/ f
or documentation)
LaTeX Info: Redefining \REV@mathfrak on input line 119.
))
("C:\Program Files\MiKTeX 2.9\tex\latex\amsfonts\amssymb.sty"
Package: amssymb 2013/01/14 v3.01 AMS font symbols

("C:\Program Files\MiKTeX 2.9\tex\latex\amsfonts\amsfonts.sty"
Package: amsfonts 2013/01/14 v3.01 Basic AMSFonts support
\@emptytoks=\toks16
\symAMSa=\mathgroup4
\symAMSb=\mathgroup5
LaTeX Font Info:    Overwriting math alphabet `\mathfrak' in version `bold'
(Font)                  U/euf/m/n --> U/euf/b/n on input line 106.
LaTeX Info: Redefining \frak on input line 111.
LaTeX Info: Redefining \Bbb on input line 113.
))
("C:\Program Files\MiKTeX 2.9\tex\latex\graphics\graphicx.sty"
Package: graphicx 2014/10/28 v1.0g Enhanced LaTeX Graphics (DPC,SPQR)

("C:\Program Files\MiKTeX 2.9\tex\latex\graphics\keyval.sty"
Package: keyval 2014/10/28 v1.15 key=value parser (DPC)
\KV@toks@=\toks17
)
("C:\Program Files\MiKTeX 2.9\tex\latex\graphics\graphics.sty"
Package: graphics 2014/10/28 v1.0p Standard LaTeX Graphics (DPC,SPQR)

("C:\Program Files\MiKTeX 2.9\tex\latex\graphics\trig.sty"
Package: trig 1999/03/16 v1.09 sin cos tan (DPC)
)
("C:\Program Files\MiKTeX 2.9\tex\latex\00miktex\graphics.cfg"
File: graphics.cfg 2007/01/18 v1.5 graphics configuration of teTeX/TeXLive
)
Package graphics Info: Driver file: pdftex.def on input line 91.

("C:\Program Files\MiKTeX 2.9\tex\latex\pdftex-def\pdftex.def"
File: pdftex.def 2011/05/27 v0.06d Graphics/color for pdfTeX

("C:\Program Files\MiKTeX 2.9\tex\generic\oberdiek\infwarerr.sty"
Package: infwarerr 2010/04/08 v1.3 Providing info/warning/error messages (HO)
)
("C:\Program Files\MiKTeX 2.9\tex\generic\oberdiek\ltxcmds.sty"
Package: ltxcmds 2011/11/09 v1.22 LaTeX kernel commands for general use (HO)
)
\Gread@gobject=\count95
))
\Gin@req@height=\dimen102
\Gin@req@width=\dimen103
)
("C:\Program Files\MiKTeX 2.9\tex\latex\amsmath\amsmath.sty"
Package: amsmath 2013/01/14 v2.14 AMS math features
\@mathmargin=\skip46

For additional information on amsmath, use the `?' option.
("C:\Program Files\MiKTeX 2.9\tex\latex\amsmath\amstext.sty"
Package: amstext 2000/06/29 v2.01

("C:\Program Files\MiKTeX 2.9\tex\latex\amsmath\amsgen.sty"
File: amsgen.sty 1999/11/30 v2.0
\@emptytoks=\toks18
\ex@=\dimen104
)
LaTeX Info: Redefining \text on input line 39.
)
("C:\Program Files\MiKTeX 2.9\tex\latex\amsmath\amsbsy.sty"
Package: amsbsy 1999/11/29 v1.2d
\pmbraise@=\dimen105
)
("C:\Program Files\MiKTeX 2.9\tex\latex\amsmath\amsopn.sty"
Package: amsopn 1999/12/14 v2.01 operator names
)
\inf@bad=\count96
LaTeX Info: Redefining \frac on input line 210.
\uproot@=\count97
\leftroot@=\count98
LaTeX Info: Redefining \overline on input line 306.
\classnum@=\count99
\DOTSCASE@=\count100
LaTeX Info: Redefining \ldots on input line 378.
LaTeX Info: Redefining \dots on input line 381.
LaTeX Info: Redefining \cdots on input line 466.
\Mathstrutbox@=\box41
\strutbox@=\box42
\big@size=\dimen106
LaTeX Font Info:    Redeclaring font encoding OML on input line 566.
LaTeX Font Info:    Redeclaring font encoding OMS on input line 567.
\macc@depth=\count101
\c@MaxMatrixCols=\count102
\dotsspace@=\muskip11
\c@parentequation=\count103
\dspbrk@lvl=\count104
\tag@help=\toks19
\row@=\count105
\column@=\count106
\maxfields@=\count107
\andhelp@=\toks20
\eqnshift@=\dimen107
\alignsep@=\dimen108
\tagshift@=\dimen109
\tagwidth@=\dimen110
\totwidth@=\dimen111
\lineht@=\dimen112
\@envbody=\toks21
\multlinegap=\skip47
\multlinetaggap=\skip48
\mathdisplay@stack=\toks22
LaTeX Info: Redefining \[ on input line 2665.
LaTeX Info: Redefining \] on input line 2666.
)
("C:\Program Files\MiKTeX 2.9\tex\latex\stmaryrd\stmaryrd.sty"
Package: stmaryrd 1994/03/03 St Mary's Road symbol package
\symstmry=\mathgroup6
LaTeX Font Info:    Overwriting symbol font `stmry' in version `bold'
(Font)                  U/stmry/m/n --> U/stmry/b/n on input line 89.
)
("C:\Program Files\MiKTeX 2.9\tex\latex\wasysym\wasysym.sty"
Package: wasysym 2003/10/30 v2.0 Wasy-2 symbol support package
\symwasy=\mathgroup7
LaTeX Font Info:    Overwriting symbol font `wasy' in version `bold'
(Font)                  U/wasy/m/n --> U/wasy/b/n on input line 90.
LaTeX Font Info:    Redeclaring math symbol \ocircle on input line 240.
)
("C:\Program Files\MiKTeX 2.9\tex\latex\multirow\multirow.sty"
\bigstrutjot=\dimen113
)
("C:\Program Files\MiKTeX 2.9\tex\latex\graphics\color.sty"
Package: color 2014/10/28 v1.1a Standard LaTeX Color (DPC)

("C:\Program Files\MiKTeX 2.9\tex\latex\00miktex\color.cfg"
File: color.cfg 2007/01/18 v1.5 color configuration of teTeX/TeXLive
)
Package color Info: Driver file: pdftex.def on input line 137.
)
("C:\Program Files\MiKTeX 2.9\tex\latex\base\textcomp.sty"
Package: textcomp 2005/09/27 v1.99g Standard LaTeX package
Package textcomp Info: Sub-encoding information:
(textcomp)               5 = only ISO-Adobe without \textcurrency
(textcomp)               4 = 5 + \texteuro
(textcomp)               3 = 4 + \textohm
(textcomp)               2 = 3 + \textestimated + \textcurrency
(textcomp)               1 = TS1 - \textcircled - \t
(textcomp)               0 = TS1 (full)
(textcomp)             Font families with sub-encoding setting implement
(textcomp)             only a restricted character set as indicated.
(textcomp)             Family '?' is the default used for unknown fonts.
(textcomp)             See the documentation for details.
Package textcomp Info: Setting ? sub-encoding to TS1/1 on input line 71.

("C:\Program Files\MiKTeX 2.9\tex\latex\base\ts1enc.def"
File: ts1enc.def 2001/06/05 v3.0e (jk/car/fm) Standard LaTeX file
)
LaTeX Info: Redefining \oldstylenums on input line 266.
Package textcomp Info: Setting cmr sub-encoding to TS1/0 on input line 281.
Package textcomp Info: Setting cmss sub-encoding to TS1/0 on input line 282.
Package textcomp Info: Setting cmtt sub-encoding to TS1/0 on input line 283.
Package textcomp Info: Setting cmvtt sub-encoding to TS1/0 on input line 284.
Package textcomp Info: Setting cmbr sub-encoding to TS1/0 on input line 285.
Package textcomp Info: Setting cmtl sub-encoding to TS1/0 on input line 286.
Package textcomp Info: Setting ccr sub-encoding to TS1/0 on input line 287.
Package textcomp Info: Setting ptm sub-encoding to TS1/4 on input line 288.
Package textcomp Info: Setting pcr sub-encoding to TS1/4 on input line 289.
Package textcomp Info: Setting phv sub-encoding to TS1/4 on input line 290.
Package textcomp Info: Setting ppl sub-encoding to TS1/3 on input line 291.
Package textcomp Info: Setting pag sub-encoding to TS1/4 on input line 292.
Package textcomp Info: Setting pbk sub-encoding to TS1/4 on input line 293.
Package textcomp Info: Setting pnc sub-encoding to TS1/4 on input line 294.
Package textcomp Info: Setting pzc sub-encoding to TS1/4 on input line 295.
Package textcomp Info: Setting bch sub-encoding to TS1/4 on input line 296.
Package textcomp Info: Setting put sub-encoding to TS1/5 on input line 297.
Package textcomp Info: Setting uag sub-encoding to TS1/5 on input line 298.
Package textcomp Info: Setting ugq sub-encoding to TS1/5 on input line 299.
Package textcomp Info: Setting ul8 sub-encoding to TS1/4 on input line 300.
Package textcomp Info: Setting ul9 sub-encoding to TS1/4 on input line 301.
Package textcomp Info: Setting augie sub-encoding to TS1/5 on input line 302.
Package textcomp Info: Setting dayrom sub-encoding to TS1/3 on input line 303.
Package textcomp Info: Setting dayroms sub-encoding to TS1/3 on input line 304.

Package textcomp Info: Setting pxr sub-encoding to TS1/0 on input line 305.
Package textcomp Info: Setting pxss sub-encoding to TS1/0 on input line 306.
Package textcomp Info: Setting pxtt sub-encoding to TS1/0 on input line 307.
Package textcomp Info: Setting txr sub-encoding to TS1/0 on input line 308.
Package textcomp Info: Setting txss sub-encoding to TS1/0 on input line 309.
Package textcomp Info: Setting txtt sub-encoding to TS1/0 on input line 310.
Package textcomp Info: Setting lmr sub-encoding to TS1/0 on input line 311.
Package textcomp Info: Setting lmdh sub-encoding to TS1/0 on input line 312.
Package textcomp Info: Setting lmss sub-encoding to TS1/0 on input line 313.
Package textcomp Info: Setting lmssq sub-encoding to TS1/0 on input line 314.
Package textcomp Info: Setting lmvtt sub-encoding to TS1/0 on input line 315.
Package textcomp Info: Setting qhv sub-encoding to TS1/0 on input line 316.
Package textcomp Info: Setting qag sub-encoding to TS1/0 on input line 317.
Package textcomp Info: Setting qbk sub-encoding to TS1/0 on input line 318.
Package textcomp Info: Setting qcr sub-encoding to TS1/0 on input line 319.
Package textcomp Info: Setting qcs sub-encoding to TS1/0 on input line 320.
Package textcomp Info: Setting qpl sub-encoding to TS1/0 on input line 321.
Package textcomp Info: Setting qtm sub-encoding to TS1/0 on input line 322.
Package textcomp Info: Setting qzc sub-encoding to TS1/0 on input line 323.
Package textcomp Info: Setting qhvc sub-encoding to TS1/0 on input line 324.
Package textcomp Info: Setting futs sub-encoding to TS1/4 on input line 325.
Package textcomp Info: Setting futx sub-encoding to TS1/4 on input line 326.
Package textcomp Info: Setting futj sub-encoding to TS1/4 on input line 327.
Package textcomp Info: Setting hlh sub-encoding to TS1/3 on input line 328.
Package textcomp Info: Setting hls sub-encoding to TS1/3 on input line 329.
Package textcomp Info: Setting hlst sub-encoding to TS1/3 on input line 330.
Package textcomp Info: Setting hlct sub-encoding to TS1/5 on input line 331.
Package textcomp Info: Setting hlx sub-encoding to TS1/5 on input line 332.
Package textcomp Info: Setting hlce sub-encoding to TS1/5 on input line 333.
Package textcomp Info: Setting hlcn sub-encoding to TS1/5 on input line 334.
Package textcomp Info: Setting hlcw sub-encoding to TS1/5 on input line 335.
Package textcomp Info: Setting hlcf sub-encoding to TS1/5 on input line 336.
Package textcomp Info: Setting pplx sub-encoding to TS1/3 on input line 337.
Package textcomp Info: Setting pplj sub-encoding to TS1/3 on input line 338.
Package textcomp Info: Setting ptmx sub-encoding to TS1/4 on input line 339.
Package textcomp Info: Setting ptmj sub-encoding to TS1/4 on input line 340.
)
("C:\Program Files\MiKTeX 2.9\tex\latex\subfigure\subfigure.sty"
Package: subfigure 2002/07/30 v2.1.4 subfigure package
\subfigtopskip=\skip49
\subfigcapskip=\skip50
\subfigcaptopadj=\dimen114
\subfigbottomskip=\skip51
\subfigcapmargin=\dimen115
\subfiglabelskip=\skip52
\c@subfigure=\count108
\c@lofdepth=\count109
\c@subtable=\count110
\c@lotdepth=\count111

****************************************
* Local config file subfigure.cfg used *
****************************************
("C:\Program Files\MiKTeX 2.9\tex\latex\subfigure\subfigure.cfg")
\subfig@top=\skip53
\subfig@bottom=\skip54
)
(diagrams.sty
==================================================================
<Paul Taylor's commutative diagrams - version 3.95, December 2014>
Package: diagrams 2014/12/31 v3.94 Paul Taylor's commutative diagrams
\CD@uA=\count112
\CD@vA=\count113
\CD@wA=\count114
\CD@xA=\count115
\CD@OA=\dimen116
\CD@PA=\dimen117
\CD@RA=\dimen118
\CD@SA=\dimen119
\CD@yA=\count116
\CD@zA=\count117
\CD@QA=\dimen120
\CD@DA=\box43
\CD@LH=\count118
\CD@TC=\count119
\CD@XH=\dimen121
\CD@zC=\dimen122
\CD@@I=\dimen123
\CD@LF=\dimen124
\CD@oI=\dimen125
\CD@DC=\dimen126
\CD@eJ=\dimen127
\PileSpacing=\dimen128
\CD@nA=\dimen129
\CD@YB=\dimen130
\DiagramCellHeight=\dimen131
\DiagramCellWidth=\dimen132
\MapShortFall=\dimen133
\CD@iA=\dimen134
\rh+:>=\box44
\rt+:<=\box45
\dh+:>=\box46
\dt+:<=\box47
\rt+:>=\box48
\rh+:<=\box49
\dt+:>=\box50
\dh+:<=\box51
\CD@VE=\toks23
\CD@SE=\toks24
\CD@VA=\count120
\CD@ME=\toks25
\CD@XE=\toks26
\CD@RE=\toks27
\CD@TE=\toks28
\CD@QE=\toks29
\CD@WE=\toks30
\CD@OE=\toks31
\CD@PE=\toks32
\CD@NE=\toks33
\CD@UE=\toks34
\CD@CA=\count121
\CD@XB=\count122
\CD@NB=\count123
\CD@FA=\count124
\CD@lA=\count125
\CD@MB=\count126
\CD@GB=\count127
\CD@KG=\box52
\CD@IG=\box53
\DiagonalChoice=\count128
\objectheight=\dimen135
\objectwidth=\dimen136
\CD@NA=\toks35
\CD@xI=\toks36
\CD@lH=\toks37
\CD@hD=\toks38
\CD@hH=\toks39
LaTeX Font Info:    Try loading font information for U+msa on input line 1889.

("C:\Program Files\MiKTeX 2.9\tex\latex\amsfonts\umsa.fd"
File: umsa.fd 2013/01/14 v3.01 AMS symbols A
)
LaTeX Font Info:    Try loading font information for U+msb on input line 1889.

("C:\Program Files\MiKTeX 2.9\tex\latex\amsfonts\umsb.fd"
File: umsb.fd 2013/01/14 v3.01 AMS symbols B
)
LaTeX Font Info:    Try loading font information for U+stmry on input line 1889
.

("C:\Program Files\MiKTeX 2.9\tex\latex\stmaryrd\ustmry.fd")
LaTeX Font Info:    Try loading font information for U+wasy on input line 1889.


("C:\Program Files\MiKTeX 2.9\tex\latex\wasysym\uwasy.fd"
File: uwasy.fd 2003/10/30 v2.0 Wasy-2 symbol font definitions
)
| running in pdf mode -- diagonal arrows will work automatically |
===================================================================)
("C:\Program Files\MiKTeX 2.9\tex\latex\hyperref\hyperref.sty"
Package: hyperref 2012/11/06 v6.83m Hypertext links for LaTeX

("C:\Program Files\MiKTeX 2.9\tex\generic\oberdiek\hobsub-hyperref.sty"
Package: hobsub-hyperref 2012/04/25 v1.12 Bundle oberdiek, subset hyperref (HO)


("C:\Program Files\MiKTeX 2.9\tex\generic\oberdiek\hobsub-generic.sty"
Package: hobsub-generic 2012/04/25 v1.12 Bundle oberdiek, subset generic (HO)
Package: hobsub 2012/04/25 v1.12 Construct package bundles (HO)
Package hobsub Info: Skipping package `infwarerr' (already loaded).
Package hobsub Info: Skipping package `ltxcmds' (already loaded).
Package: ifluatex 2010/03/01 v1.3 Provides the ifluatex switch (HO)
Package ifluatex Info: LuaTeX not detected.
Package: ifvtex 2010/03/01 v1.5 Detect VTeX and its facilities (HO)
Package ifvtex Info: VTeX not detected.
Package: intcalc 2007/09/27 v1.1 Expandable calculations with integers (HO)
Package: ifpdf 2011/01/30 v2.3 Provides the ifpdf switch (HO)
Package ifpdf Info: pdfTeX in PDF mode is detected.
Package: etexcmds 2011/02/16 v1.5 Avoid name clashes with e-TeX commands (HO)
Package etexcmds Info: Could not find \expanded.
(etexcmds)             That can mean that you are not using pdfTeX 1.50 or
(etexcmds)             that some package has redefined \expanded.
(etexcmds)             In the latter case, load this package earlier.
Package: kvsetkeys 2012/04/25 v1.16 Key value parser (HO)
Package: kvdefinekeys 2011/04/07 v1.3 Define keys (HO)
Package: pdftexcmds 2011/11/29 v0.20 Utility functions of pdfTeX for LuaTeX (HO
)
Package pdftexcmds Info: LuaTeX not detected.
Package pdftexcmds Info: \pdf@primitive is available.
Package pdftexcmds Info: \pdf@ifprimitive is available.
Package pdftexcmds Info: \pdfdraftmode found.
Package: pdfescape 2011/11/25 v1.13 Implements pdfTeX's escape features (HO)
Package: bigintcalc 2012/04/08 v1.3 Expandable calculations on big integers (HO
)
Package: bitset 2011/01/30 v1.1 Handle bit-vector datatype (HO)
Package: uniquecounter 2011/01/30 v1.2 Provide unlimited unique counter (HO)
)
Package hobsub Info: Skipping package `hobsub' (already loaded).
Package: letltxmacro 2010/09/02 v1.4 Let assignment for LaTeX macros (HO)
Package: hopatch 2011/06/24 v1.1 Wrapper for package hooks (HO)
Package: xcolor-patch 2011/01/30 xcolor patch
Package: atveryend 2011/06/30 v1.8 Hooks at the very end of document (HO)
Package: atbegshi 2011/10/05 v1.16 At begin shipout hook (HO)
Package: refcount 2011/10/16 v3.4 Data extraction from label references (HO)
Package: hycolor 2011/01/30 v1.7 Color options for hyperref/bookmark (HO)
)
("C:\Program Files\MiKTeX 2.9\tex\generic\ifxetex\ifxetex.sty"
Package: ifxetex 2010/09/12 v0.6 Provides ifxetex conditional
)
("C:\Program Files\MiKTeX 2.9\tex\latex\oberdiek\auxhook.sty"
Package: auxhook 2011/03/04 v1.3 Hooks for auxiliary files (HO)
)
("C:\Program Files\MiKTeX 2.9\tex\latex\oberdiek\kvoptions.sty"
Package: kvoptions 2011/06/30 v3.11 Key value format for package options (HO)
)
\@linkdim=\dimen137
\Hy@linkcounter=\count129
\Hy@pagecounter=\count130

("C:\Program Files\MiKTeX 2.9\tex\latex\hyperref\pd1enc.def"
File: pd1enc.def 2012/11/06 v6.83m Hyperref: PDFDocEncoding definition (HO)
)
\Hy@SavedSpaceFactor=\count131

("C:\Program Files\MiKTeX 2.9\tex\latex\00miktex\hyperref.cfg"
File: hyperref.cfg 2002/06/06 v1.2 hyperref configuration of TeXLive
)
Package hyperref Info: Option `colorlinks' set `true' on input line 4319.
Package hyperref Info: Hyper figures OFF on input line 4443.
Package hyperref Info: Link nesting OFF on input line 4448.
Package hyperref Info: Hyper index ON on input line 4451.
Package hyperref Info: Plain pages OFF on input line 4458.
Package hyperref Info: Backreferencing OFF on input line 4463.
Package hyperref Info: Implicit mode ON; LaTeX internals redefined.
Package hyperref Info: Bookmarks ON on input line 4688.
LaTeX Info: Redefining \href on input line 4952.
\c@Hy@tempcnt=\count132
LaTeX Info: Redefining \url on input line 5041.
\XeTeXLinkMargin=\dimen138
\Fld@menulength=\count133
\Field@Width=\dimen139
\Fld@charsize=\dimen140
Package hyperref Info: Hyper figures OFF on input line 6295.
Package hyperref Info: Link nesting OFF on input line 6300.
Package hyperref Info: Hyper index ON on input line 6303.
Package hyperref Info: backreferencing OFF on input line 6310.
Package hyperref Info: Link coloring ON on input line 6313.
Package hyperref Info: Link coloring with OCG OFF on input line 6320.
Package hyperref Info: PDF/A mode OFF on input line 6325.
LaTeX Info: Redefining \ref on input line 6365.
LaTeX Info: Redefining \pageref on input line 6369.
\Hy@abspage=\count134
\c@Item=\count135
\c@Hfootnote=\count136
)

Package hyperref Message: Driver (autodetected): hpdftex.

("C:\Program Files\MiKTeX 2.9\tex\latex\hyperref\hpdftex.def"
File: hpdftex.def 2012/11/06 v6.83m Hyperref driver for pdfTeX
\Fld@listcount=\count137
\c@bookmark@seq@number=\count138

("C:\Program Files\MiKTeX 2.9\tex\latex\oberdiek\rerunfilecheck.sty"
Package: rerunfilecheck 2011/04/15 v1.7 Rerun checks for auxiliary files (HO)
Package uniquecounter Info: New unique counter `rerunfilecheck' on input line 2
82.
)
\Hy@SectionHShift=\skip55
)
Class revtex4-1 Info: Patching LaTeX tabular. on input line 16.
Class revtex4-1 Info: Robustifying \LaTeX's \boldmath command on input line 16.

Class revtex4-1 Info: cite was not loaded (OK!) on input line 16.
Class revtex4-1 Info: mcite was not loaded (OK!) on input line 16.
Class revtex4-1 Info: multicol was not loaded (OK!) on input line 16.

(Thesis.aux)
LaTeX Font Info:    Checking defaults for OML/cmm/m/it on input line 16.
LaTeX Font Info:    ... okay on input line 16.
LaTeX Font Info:    Checking defaults for T1/cmr/m/n on input line 16.
LaTeX Font Info:    ... okay on input line 16.
LaTeX Font Info:    Checking defaults for OT1/cmr/m/n on input line 16.
LaTeX Font Info:    ... okay on input line 16.
LaTeX Font Info:    Checking defaults for OMS/cmsy/m/n on input line 16.
LaTeX Font Info:    ... okay on input line 16.
LaTeX Font Info:    Checking defaults for OMX/cmex/m/n on input line 16.
LaTeX Font Info:    ... okay on input line 16.
LaTeX Font Info:    Checking defaults for U/cmr/m/n on input line 16.
LaTeX Font Info:    ... okay on input line 16.
LaTeX Font Info:    Checking defaults for TS1/cmr/m/n on input line 16.
LaTeX Font Info:    Try loading font information for TS1+cmr on input line 16.
 ("C:\Program Files\MiKTeX 2.9\tex\latex\base\ts1cmr.fd"
File: ts1cmr.fd 2014/09/29 v2.5h Standard LaTeX font definitions
)
LaTeX Font Info:    ... okay on input line 16.
LaTeX Font Info:    Checking defaults for PD1/pdf/m/n on input line 16.
LaTeX Font Info:    ... okay on input line 16.

("C:\Program Files\MiKTeX 2.9\tex\context\base\supp-pdf.mkii"
[Loading MPS to PDF converter (version 2006.09.02).]
\scratchcounter=\count139
\scratchdimen=\dimen141
\scratchbox=\box54
\nofMPsegments=\count140
\nofMParguments=\count141
\everyMPshowfont=\toks40
\MPscratchCnt=\count142
\MPscratchDim=\dimen142
\MPnumerator=\count143
\makeMPintoPDFobject=\count144
\everyMPtoPDFconversion=\toks41
)
\AtBeginShipoutBox=\box55
Package hyperref Info: Link coloring ON on input line 16.
 ("C:\Program Files\MiKTeX 2.9\tex\latex\hyperref\nameref.sty"
Package: nameref 2012/10/27 v2.43 Cross-referencing by name of section

("C:\Program Files\MiKTeX 2.9\tex\generic\oberdiek\gettitlestring.sty"
Package: gettitlestring 2010/12/03 v1.4 Cleanup title references (HO)
)
\c@section@level=\count145
)
LaTeX Info: Redefining \ref on input line 16.
LaTeX Info: Redefining \pageref on input line 16.
LaTeX Info: Redefining \nameref on input line 16.

(Thesis.out) (Thesis.out)
\@outlinefile=\write4
Class revtex4-1 Info: Taking \maketitle back from hyperref on input line 16.
 (sections/abstract.tex)

Class revtex4-1 Warning: Assuming \noaffiliation for authors.

[1{C:/ProgramData/MiKTeX/2.9/pdftex/config/pdftex.map}] (Thesis.toc [2])
\tf@toc=\write5

(sections/acknowledgments.tex [3]) (sections/elevatorPitch.tex)
(sections/introduction.tex [4]
<images/QuantumHall.jpg, id=227, 432.86719pt x 301.8778pt>
File: images/QuantumHall.jpg Graphic file (type jpg)

<use images/QuantumHall.jpg>
Package pdftex.def Info: images/QuantumHall.jpg used on input line 29.
(pdftex.def)             Requested size: 234.0pt x 163.19122pt.
 [5] [6 <./images/QuantumHall.jpg>] [7] [8]
[9] [10] [11] <images/ribbon1.jpg, id=285, 91.84312pt x 176.66pt>
File: images/ribbon1.jpg Graphic file (type jpg)

<use images/ribbon1.jpg>
Package pdftex.def Info: images/ribbon1.jpg used on input line 82.
(pdftex.def)             Requested size: 36.135pt x 69.50632pt.

<images/ribbon2.jpg, id=286, 91.84312pt x 186.19562pt>
File: images/ribbon2.jpg Graphic file (type jpg)

<use images/ribbon2.jpg>
Package pdftex.def Info: images/ribbon2.jpg used on input line 82.
(pdftex.def)             Requested size: 36.135pt x 73.25809pt.
File: images/ribbon1.jpg Graphic file (type jpg)
 <use images/ribbon1.jpg>
Package pdftex.def Info: images/ribbon1.jpg used on input line 82.
(pdftex.def)             Requested size: 36.135pt x 69.50632pt.
File: images/ribbon2.jpg Graphic file (type jpg)
 <use images/ribbon2.jpg>
Package pdftex.def Info: images/ribbon2.jpg used on input line 82.
(pdftex.def)             Requested size: 36.135pt x 73.25809pt.

[12 <./images/ribbon1.jpg> <./images/ribbon2.jpg>]
Missing character: There is no â in font cmr12!
Missing character: There is no € in font cmr12!
Missing character: There is no “ in font cmr12!
 [13] [14] [15] [16] [17]
[18] <images/glueingsplitting.pdf, id=373, 666.82425pt x 220.04408pt>
File: images/glueingsplitting.pdf Graphic file (type pdf)

<use images/glueingsplitting.pdf>
Package pdftex.def Info: images/glueingsplitting.pdf used on input line 156.
(pdftex.def)             Requested size: 140.40143pt x 46.33148pt.


LaTeX Font Warning: Font shape `U/stmry/b/n' undefined
(Font)              using `U/stmry/m/n' instead on input line 160.


LaTeX Font Warning: Font shape `U/wasy/b/n' in size <8> not available
(Font)              Font shape `U/wasy/m/n' tried instead on input line 160.


LaTeX Font Warning: Font shape `U/wasy/b/n' in size <6> not available
(Font)              Font shape `U/wasy/m/n' tried instead on input line 160.

[19 <./images/glueingsplitting.pdf>] [20]
<images/fractionalization.pdf, id=437, 1091.9696pt x 409.6414pt>
File: images/fractionalization.pdf Graphic file (type pdf)

<use images/fractionalization.pdf>
Package pdftex.def Info: images/fractionalization.pdf used on input line 167.
(pdftex.def)             Requested size: 234.0pt x 87.78365pt.
 [21 <./images/fractionalization.pdf>]
[22] [23] [24] [25] [26]
<images/HoneycombGreen.png, id=558, 454.69875pt x 450.68375pt>
File: images/HoneycombGreen.png Graphic file (type png)

<use images/HoneycombGreen.png>
Package pdftex.def Info: images/HoneycombGreen.png used on input line 257.
(pdftex.def)             Requested size: 234.0pt x 231.93623pt.
 [27] [28 <./images/HoneycombGreen.png (PNG copy)>] [29] [30] [31] [32] [33]) (
sections/coupledPaper.tex
(sections/coupledSections/introduction.tex [34]
Missing character: There is no â in font cmr8!
Missing character: There is no ˆ in font cmr8!
Missing character: There is no ’ in font cmr8!
 [35]
<images/intro.pdf, id=767, 738.64256pt x 416.79211pt>
File: images/intro.pdf Graphic file (type pdf)
 <use images/intro.pdf>
Package pdftex.def Info: images/intro.pdf used on input line 21.
(pdftex.def)             Requested size: 210.59857pt x 118.8315pt.

[36 <./images/intro.pdf>] [37] [38]
Overfull \hbox (15.67865pt too wide) in paragraph at lines 46--47
[]\OT1/cmr/m/n/12 The cou-pled wire con-struc-tion also sug-gests new \OT1/cmr/
m/it/12 interaction-enabled topo-log-i-cal (semi)metals\OT1/cmr/m/n/12 .
 []

[39]) (sections/coupledSections/coupledConstruction.tex
<images/Diracbands.pdf, id=935, 297.66809pt x 197.73875pt>
File: images/Diracbands.pdf Graphic file (type pdf)

<use images/Diracbands.pdf>
Package pdftex.def Info: images/Diracbands.pdf used on input line 4.
(pdftex.def)             Requested size: 117.0pt x 77.72124pt.
 [40] [41 <./images/Diracbands.pdf>]
<images/Diracstring.pdf, id=980, 682.52893pt x 299.83919pt>
File: images/Diracstring.pdf Graphic file (type pdf)

<use images/Diracstring.pdf>
Package pdftex.def Info: images/Diracstring.pdf used on input line 13.
(pdftex.def)             Requested size: 187.19714pt x 82.23413pt.
 [42 <./images/Diracstring.pdf>] [43]
<images/vortexlattice.jpg, id=1059, 700.6175pt x 357.335pt>
File: images/vortexlattice.jpg Graphic file (type jpg)

<use images/vortexlattice.jpg>
Package pdftex.def Info: images/vortexlattice.jpg used on input line 32.
(pdftex.def)             Requested size: 210.59857pt x 107.40851pt.

<images/WeylTB.pdf, id=1060, 410.53375pt x 412.54124pt>
File: images/WeylTB.pdf Graphic file (type pdf)

<use images/WeylTB.pdf>
Package pdftex.def Info: images/WeylTB.pdf used on input line 34.
(pdftex.def)             Requested size: 117.0pt x 117.56918pt.
 [44] [45 <./images/vortexlattice.jpg> <./images/WeylTB.pdf>] [46] <images/Weyl
spectrumjpg.jpg, id=1147, 1141.4645pt x 583.3795pt>
File: images/Weylspectrumjpg.jpg Graphic file (type jpg)

<use images/Weylspectrumjpg.jpg>
Package pdftex.def Info: images/Weylspectrumjpg.jpg used on input line 46.
(pdftex.def)             Requested size: 210.59857pt x 107.62976pt.
 [47] [48 <./images/Weylspectrumjpg.jpg>]
[49] [50] [51] <images/Chernstack.pdf, id=1249, 918.0358pt x 425.02588pt>
File: images/Chernstack.pdf Graphic file (type pdf)

<use images/Chernstack.pdf>
Package pdftex.def Info: images/Chernstack.pdf used on input line 79.
(pdftex.def)             Requested size: 210.59857pt x 97.50096pt.
 [52]
<images/DiracTB.pdf, id=1262, 975.59685pt x 505.36102pt>
File: images/DiracTB.pdf Graphic file (type pdf)

<use images/DiracTB.pdf>
Package pdftex.def Info: images/DiracTB.pdf used on input line 86.
(pdftex.def)             Requested size: 210.59857pt x 109.09003pt.

<images/Diracmassjpg.jpg, id=1263, 1411.2725pt x 684.5575pt>
File: images/Diracmassjpg.jpg Graphic file (type jpg)

<use images/Diracmassjpg.jpg>
Package pdftex.def Info: images/Diracmassjpg.jpg used on input line 88.
(pdftex.def)             Requested size: 224.638pt x 108.95692pt.
 [53 <./images/Chernstack.pdf>] [54 <./images/DiracTB.pdf> <./images/Diracmassj
pg.jpg>]
<images/dimerization.pdf, id=1476, 902.44753pt x 385.55241pt>
File: images/dimerization.pdf Graphic file (type pdf)

<use images/dimerization.pdf>
Package pdftex.def Info: images/dimerization.pdf used on input line 97.
(pdftex.def)             Requested size: 187.19714pt x 79.97415pt.
 [55] [56 <./images/dimerization.pdf>]
<images/fermiarc1.pdf, id=1549, 897.79918pt x 432.72766pt>
File: images/fermiarc1.pdf Graphic file (type pdf)

<use images/fermiarc1.pdf>
Package pdftex.def Info: images/fermiarc1.pdf used on input line 115.
(pdftex.def)             Requested size: 187.19714pt x 90.2218pt.
 [57 <./images/fermiarc1.pdf>] [58]
<images/fermiarc2.pdf, id=2124, 787.94376pt x 325.215pt>
File: images/fermiarc2.pdf Graphic file (type pdf)

<use images/fermiarc2.pdf>
Package pdftex.def Info: images/fermiarc2.pdf used on input line 125.
(pdftex.def)             Requested size: 187.19714pt x 77.2592pt.
 [59 <./images/fermiarc2.pdf>]
<images/SurfaceStates1bdy.pdf, id=2685, 459.6583pt x 464.0276pt>
File: images/SurfaceStates1bdy.pdf Graphic file (type pdf)

<use images/SurfaceStates1bdy.pdf>
Package pdftex.def Info: images/SurfaceStates1bdy.pdf used on input line 136.
(pdftex.def)             Requested size: 140.40143pt x 141.73pt.
) [60] (sections/coupledSections/manyBody.tex [61 <./images/SurfaceStates1bdy.p
df>]
<images/gappinginteraction1.pdf, id=4166, 399.15825pt x 431.94676pt>
File: images/gappinginteraction1.pdf Graphic file (type pdf)

<use images/gappinginteraction1.pdf>
Package pdftex.def Info: images/gappinginteraction1.pdf used on input line 14.
(pdftex.def)             Requested size: 117.0pt x 126.60591pt.

<images/gappinginteraction2.pdf, id=4167, 664.59393pt x 538.48174pt>
File: images/gappinginteraction2.pdf Graphic file (type pdf)

<use images/gappinginteraction2.pdf>
Package pdftex.def Info: images/gappinginteraction2.pdf used on input line 15.
(pdftex.def)             Requested size: 210.59857pt x 170.63327pt.
 [62] [63 <./images/gappinginteraction1.pdf> <./images/gappinginteraction2.pdf

pdfTeX warning: pdflatex.exe (file ./images/gappinginteraction2.pdf): PDF inclu
sion: multiple pdfs with page group included in a single page
>] [64] [65] [66] [67] [68] [69] [70]
<images/afm.pdf, id=4857, 948.54472pt x 823.63312pt>
File: images/afm.pdf Graphic file (type pdf)
 <use images/afm.pdf>
Package pdftex.def Info: images/afm.pdf used on input line 66.
(pdftex.def)             Requested size: 210.59857pt x 182.85876pt.

[71 <./images/afm.pdf>] [72] [73] [74]
<images/intenable.pdf, id=5295, 936.3231pt x 639.15288pt>
File: images/intenable.pdf Graphic file (type pdf)

<use images/intenable.pdf>
Package pdftex.def Info: images/intenable.pdf used on input line 88.
(pdftex.def)             Requested size: 219.96057pt x 150.14243pt.
 [75 <./images/intenable.pdf>] [76]
Overfull \hbox (4.0661pt too wide) in paragraph at lines 98--99
[]\OT1/cmr/m/n/12 Lastly, we gap the interaction-enabled Dirac semimetal-lic mo
del (fig-ure [][]20[][]) by a symmetry-
 []

<images/SurfaceStates.pdf, id=5393, 887.54689pt x 522.21901pt>
File: images/SurfaceStates.pdf Graphic file (type pdf)

<use images/SurfaceStates.pdf>
Package pdftex.def Info: images/SurfaceStates.pdf used on input line 105.
(pdftex.def)             Requested size: 224.638pt x 132.17201pt.
 [77 <./images/SurfaceStates.pdf>])
(sections/coupledSections/conclustion.tex [78] [79])) (sections/FTI.tex
(sections/FTISections/introduction.tex [80]
<images/fig1.pdf, id=7046, 1142.66902pt x 463.37215pt>
File: images/fig1.pdf Graphic file (type pdf)
 <use images/fig1.pdf>
Package pdftex.def Info: images/fig1.pdf used on input line 6.
(pdftex.def)             Requested size: 421.19714pt x 170.80159pt.

[81]) [82 <./images/fig1.pdf>] (sections/FTISections/ferHet.texpdfTeX warning (
ext4): destination with the same identifier (name{CFT}) has been already used, 
duplicate ignored
<to be read again> 
                   \relax 
l.3 ...formal field theory (\hypertarget{CFT}{CFT}
                                                  )~\cite{bigyellowbook} tha...
[83] [84]) (sections/FTISections/supHet.tex) [85]
(sections/FTISections/genPfaf.tex [86] [87]) [88]
(sections/FTISections/gluing.tex [89] [90] [91])
(sections/FTISections/conclusion.tex [92])) (sections/conclusion.tex)
(Thesis.bbl [93] [94] [95] [96] [97] [98] [99] [100]
Missing character: There is no Ã in font cmr10!
Missing character: There is no ¨ in font cmr10!
 [101] [102] [103] [104])
Commutative Diagram: try the PostScript option for better results
[105]
Package atveryend Info: Empty hook `AfterLastShipout' on input line 44.
 (Thesis.aux)
Package atveryend Info: Executing hook `AtVeryEndDocument' on input line 44.
Package atveryend Info: Executing hook `AtEndAfterFileList' on input line 44.
Package rerunfilecheck Info: File `Thesis.out' has not changed.
(rerunfilecheck)             Checksum: 01AE38439C7FDE22D8A0E0E8818C0526;3103.


LaTeX Font Warning: Some font shapes were not available, defaults substituted.

 ) 
Here is how much of TeX's memory you used:
 12637 strings out of 493698
 175551 string characters out of 3144415
 278188 words of memory out of 3000000
 15148 multiletter control sequences out of 15000+200000
 21083 words of font info for 82 fonts, out of 3000000 for 9000
 1025 hyphenation exceptions out of 8191
 31i,23n,33p,3880b,1202s stack positions out of 5000i,500n,10000p,200000b,50000s
pdfTeX warning (dest): name{TPf} has been referenced but does not exist, repl
aced by a fixed one

pdfTeX warning (dest): name{AFTR} has been referenced but does not exist, repla
ced by a fixed one

<C:/Program Files/MiKTeX 2.9/fonts/type1/public/amsfonts/cm/cmbsy10.pfb><C:/Pro
gram Files/MiKTeX 2.9/fonts/type1/public/amsfonts/cm/cmbx10.pfb><C:/Program Fil
es/MiKTeX 2.9/fonts/type1/public/amsfonts/cm/cmbx12.pfb><C:/Program Files/MiKTe
X 2.9/fonts/type1/public/amsfonts/cm/cmbx8.pfb><C:/Program Files/MiKTeX 2.9/fon
ts/type1/public/amsfonts/cm/cmex10.pfb><C:/Program Files/MiKTeX 2.9/fonts/type1
/public/amsfonts/cmextra/cmex8.pfb><C:/Program Files/MiKTeX 2.9/fonts/type1/pub
lic/amsfonts/cm/cmmi10.pfb><C:/Program Files/MiKTeX 2.9/fonts/type1/public/amsf
onts/cm/cmmi12.pfb><C:/Program Files/MiKTeX 2.9/fonts/type1/public/amsfonts/cm/
cmmi5.pfb><C:/Program Files/MiKTeX 2.9/fonts/type1/public/amsfonts/cm/cmmi6.pfb
><C:/Program Files/MiKTeX 2.9/fonts/type1/public/amsfonts/cm/cmmi7.pfb><C:/Prog
ram Files/MiKTeX 2.9/fonts/type1/public/amsfonts/cm/cmmi8.pfb><C:/Program Files
/MiKTeX 2.9/fonts/type1/public/amsfonts/cm/cmmib10.pfb><C:/Program Files/MiKTeX
 2.9/fonts/type1/public/amsfonts/cmextra/cmmib8.pfb><C:/Program Files/MiKTeX 2.
9/fonts/type1/public/amsfonts/cm/cmr10.pfb><C:/Program Files/MiKTeX 2.9/fonts/t
ype1/public/amsfonts/cm/cmr12.pfb><C:/Program Files/MiKTeX 2.9/fonts/type1/publ
ic/amsfonts/cm/cmr5.pfb><C:/Program Files/MiKTeX 2.9/fonts/type1/public/amsfont
s/cm/cmr6.pfb><C:/Program Files/MiKTeX 2.9/fonts/type1/public/amsfonts/cm/cmr7.
pfb><C:/Program Files/MiKTeX 2.9/fonts/type1/public/amsfonts/cm/cmr8.pfb><C:/Pr
ogram Files/MiKTeX 2.9/fonts/type1/public/amsfonts/cm/cmss8.pfb><C:/Program Fil
es/MiKTeX 2.9/fonts/type1/public/amsfonts/cm/cmsy10.pfb><C:/Program Files/MiKTe
X 2.9/fonts/type1/public/amsfonts/cm/cmsy5.pfb><C:/Program Files/MiKTeX 2.9/fon
ts/type1/public/amsfonts/cm/cmsy6.pfb><C:/Program Files/MiKTeX 2.9/fonts/type1/
public/amsfonts/cm/cmsy7.pfb><C:/Program Files/MiKTeX 2.9/fonts/type1/public/am
sfonts/cm/cmsy8.pfb><C:/Program Files/MiKTeX 2.9/fonts/type1/public/amsfonts/cm
/cmti10.pfb><C:/Program Files/MiKTeX 2.9/fonts/type1/public/amsfonts/cm/cmti12.
pfb><C:/Program Files/MiKTeX 2.9/fonts/type1/public/amsfonts/latxfont/line10.pf
b><C:/Program Files/MiKTeX 2.9/fonts/type1/public/amsfonts/symbols/msam10.pfb><
C:/Program Files/MiKTeX 2.9/fonts/type1/public/amsfonts/symbols/msbm10.pfb>
Output written on Thesis.pdf (105 pages, 13343439 bytes).
PDF statistics:
 13140 PDF objects out of 15390 (max. 8388607)
 604 named destinations out of 1000 (max. 500000)
 438 words of extra memory for PDF output out of 10000 (max. 10000000)

